
****** PlanAhead v14.7 (64-bit)
  **** Build 321239 by xbuild on Fri Sep 27 19:29:51 MDT 2013
    ** Copyright 1986-1999, 2001-2013 Xilinx, Inc. All Rights Reserved.

INFO: [Common 17-78] Attempting to get a license: PlanAhead
INFO: [Common 17-290] Got license for PlanAhead
INFO: [Common 17-86] Your PlanAhead license expires in -166 day(s)
INFO: [Device 21-36] Loading parts and site information from C:/Users/Stache/Documents/Xilinx/14.7/ISE_DS/PlanAhead/data/parts/arch.xml
Parsing RTL primitives file [C:/Users/Stache/Documents/Xilinx/14.7/ISE_DS/PlanAhead/data/parts/xilinx/rtl/prims/rtl_prims.xml]
Finished parsing RTL primitives file [C:/Users/Stache/Documents/Xilinx/14.7/ISE_DS/PlanAhead/data/parts/xilinx/rtl/prims/rtl_prims.xml]
start_gui
source C:/Users/Stache/Documents/Xilinx_Projects/NES/nexys3_ver4/handyvgs/xilinx/pa.fromNetlist.tcl
# create_project -name NES_Nexys4 -dir "C:/Users/Stache/Documents/Xilinx_Projects/NES/nexys3_ver4/handyvgs/xilinx/planAhead_run_2" -part xc6slx16csg324-3
create_project: Time (s): elapsed = 00:00:06 . Memory (MB): peak = 419.328 ; gain = 64.723
# set_property design_mode GateLvl [get_property srcset [current_run -impl]]
# set_property edif_top_file "C:/Users/Stache/Documents/Xilinx_Projects/NES/nexys3_ver4/handyvgs/xilinx/NES_Nexys4.ngc" [ get_property srcset [ current_run ] ]
# add_files -norecurse { {C:/Users/Stache/Documents/Xilinx_Projects/NES/nexys3_ver4/handyvgs/xilinx} }
# set_property target_constrs_file "C:/Users/Stache/Documents/Xilinx_Projects/NES/nexys3_ver4/handyvgs/src/Nexys4_Master.ucf" [current_fileset -constrset]
INFO: [Common 17-41] Interrupt caught. Command should exit soon.
Adding file 'C:/Users/Stache/Documents/Xilinx_Projects/NES/nexys3_ver4/handyvgs/src/Nexys4_Master.ucf' to fileset 'constrs_1'
INFO: [Common 17-344] 'source' was cancelled
exit
ERROR: [Common 17-39] 'stop_gui' failed due to earlier errors.
INFO: [Common 17-206] Exiting PlanAhead at Tue Dec 13 06:19:15 2016...
INFO: [Common 17-83] Releasing license: PlanAhead
