iMPACT Version: 14.7

iMPACT log file Started on Tue Oct 10 14:37:06 2017

Welcome to iMPACT
iMPACT Version: 14.7
// *** BATCH CMD : setMode -bs
GUI --- Auto connect to cable...
// *** BATCH CMD : setCable -port auto
AutoDetecting cable. Please wait.
*** WARNING ***: When port is set to auto detect mode, cable speed is set todefault 6 MHz regardless of explicit arguments supplied for setting the baudrates
PROGRESS_START - Starting Operation.
Connecting to cable (Usb Port - USB21).
Checking cable driver.
 Driver file xusb_xlp.sys found.
 Driver version: src=1029, dest=1029.
 Driver windrvr6.sys version = 11.5.0.0. WinDriver v11.5.0 Jungo Connectivity (c) 1997 - 2014 Build Date: Jan 26 2014x86_64 64bit SYS 13:30:18, version = 1150.
Cable connection failed.
Connecting to cable (Parallel Port - LPT1).
Checking cable driver.
 Driver windrvr6.sys version = 11.5.0.0. WinDriver v11.5.0 Jungo Connectivity (c) 1997 - 2014 Build Date: Jan 26 2014x86_64 64bit SYS 13:30:18, version = 1150.
Cable connection failed.
Connecting to cable (Parallel Port - LPT2).
Checking cable driver.
 Driver windrvr6.sys version = 11.5.0.0. WinDriver v11.5.0 Jungo Connectivity (c) 1997 - 2014 Build Date: Jan 26 2014x86_64 64bit SYS 13:30:18, version = 1150.
Cable connection failed.
Connecting to cable (Parallel Port - LPT3).
Checking cable driver.
 Driver windrvr6.sys version = 11.5.0.0. WinDriver v11.5.0 Jungo Connectivity (c) 1997 - 2014 Build Date: Jan 26 2014x86_64 64bit SYS 13:30:18, version = 1150.
Cable connection failed.
Connecting to cable (Parallel Port - LPT4).
Checking cable driver.
 Driver windrvr6.sys version = 11.5.0.0. WinDriver v11.5.0 Jungo Connectivity (c) 1997 - 2014 Build Date: Jan 26 2014x86_64 64bit SYS 13:30:18, version = 1150.
Cable connection failed.
PROGRESS_END - End Operation.
Elapsed time =      3 sec.
Cable autodetection failed.
WARNING:iMPACT:923 - Can not find cable, check cable setup !Enumerating cables. Please wait.
PROGRESS_START - Starting Operation.
Connecting to cable (Usb Port - USB21).
Checking cable driver.
 Driver file xusb_xlp.sys found.
 Driver version: src=1029, dest=1029.
 Driver windrvr6.sys version = 11.5.0.0. WinDriver v11.5.0 Jungo Connectivity (c) 1997 - 2014 Build Date: Jan 26 2014x86_64 64bit SYS 13:30:18, version = 1150.
PROGRESS_END - End Operation.
Elapsed time =      3 sec.
ERROR:iMPACT - This function requires that a target is opened first.
// *** BATCH CMD : setCable -target "xilinx_xvc host=localhost:2542disableversioncheck=true"
INFO:iMPACT - Socket opened successfully
Attempting to identify devices in the boundary-scan chain configuration...
INFO:iMPACT - Current time: 10/10/2017 2:40:16 PM
// *** BATCH CMD : Identify 
PROGRESS_START - Starting Operation.
Identifying chain contents...'0': : Manufacturer's ID = Xilinx xc6slx9, Version : 2
INFO:iMPACT:1777 - 
   Reading   C:/Users/Stache/Documents/Xilinx/14.7/ISE_DS/ISE/spartan6/data/xc6slx9.bsd...
INFO:iMPACT:501 - '1': Added Device xc6slx9 successfully.
----------------------------------------------------------------------
done.
PROGRESS_END - End Operation.
Elapsed time =      1 sec.
// *** BATCH CMD : identifyMPM 
// *** BATCH CMD : assignFile -p 1 -file"C:/Users/Stache/Documents/Xilinx_Projects/spartan_mini/blink_led/blink.bit"
'1': Loading file'C:/Users/Stache/Documents/Xilinx_Projects/spartan_mini/blink_led/blink.bit' ...
done.
INFO:iMPACT:2257 - Startup Clock has been changed to 'JtagClk' in the bitstream   stored in memory,
   but the original bitstream file remains unchanged.
UserID read from the bitstream file = 0xFFFFFFFF.
Data width read from the bitstream file = 1.
INFO:iMPACT:501 - '1': Added Device xc6slx9 successfully.
----------------------------------------------------------------------
INFO:iMPACT - Current time: 10/10/2017 2:40:38 PM
// *** BATCH CMD : ReadIdcode -p 1 
Maximum TCK operating frequency for this device chain: 0.
Validating chain...
Boundary-scan chain validated successfully.
'1': IDCODE is '00100100000000000001000010010011'
'1': IDCODE is '24001093' (in hex).
'1': : Manufacturer's ID = Xilinx xc6slx9, Version : 2
INFO:iMPACT - Current time: 10/10/2017 2:40:52 PM
// *** BATCH CMD : Program -p 1 
PROGRESS_START - Starting Operation.
Maximum TCK operating frequency for this device chain: 0.
Validating chain...
Boundary-scan chain validated successfully.
'1': Programming device...
 LCK_cycle = NoWait.
LCK cycle: NoWait
done.
'1': Reading status register contents...
[0] CRC ERROR                                                              :        0
[1] IDCODE ERROR                                                           :        0
[2] DCM LOCK STATUS                                                        :        1
[3] GTS_CFG_B STATUS                                                       :        1
[4] GWE STATUS                                                             :        1
[5] GHIGH STATUS                                                           :        1
[6] DECRYPTION ERROR                                                       :        0
[7] DECRYPTOR ENABLE                                                       :        0
[8] HSWAPEN PIN                                                            :        1
[9] MODE PIN M[0]                                                          :        1
[10] MODE PIN M[1]                                                         :        1
[11] RESERVED                                                              :        0
[12] INIT_B PIN                                                            :        1
[13] DONE PIN                                                              :        1
[14] SUSPEND STATUS                                                        :        0
[15] FALLBACK STATUS                                                       :        0
INFO:iMPACT:2219 - Status register values:
INFO:iMPACT - 0011 1100 1110 1100 
INFO:iMPACT:579 - '1': Completed downloading bit file to device.
INFO:iMPACT:188 - '1': Programming completed successfully.
 LCK_cycle = NoWait.
LCK cycle: NoWait
INFO:iMPACT - '1': Checking done pin....done.
'1': Programmed successfully.
PROGRESS_END - End Operation.
Elapsed time =     11 sec.
INFO:iMPACT - Current time: 10/10/2017 2:42:26 PM
// *** BATCH CMD : ReadIdcode -p 1 
Maximum TCK operating frequency for this device chain: 0.
Validating chain...
Boundary-scan chain validated successfully.
'1': IDCODE is '00100100000000000001000010010011'
'1': IDCODE is '24001093' (in hex).
'1': : Manufacturer's ID = Xilinx xc6slx9, Version : 2
INFO:iMPACT - Current time: 10/10/2017 2:43:26 PM
Updating config fileC:/Users/Stache/Documents/Xilinx_Projects/spartan_mini/blink_led/blink.bit...
INFO:iMPACT:2257 - Startup Clock has been changed to 'JtagClk' in the bitstream   stored in memory,
   but the original bitstream file remains unchanged.
// *** BATCH CMD : Program -p 1 
PROGRESS_START - Starting Operation.
Maximum TCK operating frequency for this device chain: 0.
Validating chain...
Boundary-scan chain validated successfully.
'1': Programming device...
 LCK_cycle = NoWait.
LCK cycle: NoWait
done.
'1': Reading status register contents...
[0] CRC ERROR                                                              :        0
[1] IDCODE ERROR                                                           :        0
[2] DCM LOCK STATUS                                                        :        1
[3] GTS_CFG_B STATUS                                                       :        1
[4] GWE STATUS                                                             :        1
[5] GHIGH STATUS                                                           :        1
[6] DECRYPTION ERROR                                                       :        0
[7] DECRYPTOR ENABLE                                                       :        0
[8] HSWAPEN PIN                                                            :        1
[9] MODE PIN M[0]                                                          :        1
[10] MODE PIN M[1]                                                         :        1
[11] RESERVED                                                              :        0
[12] INIT_B PIN                                                            :        1
[13] DONE PIN                                                              :        1
[14] SUSPEND STATUS                                                        :        0
[15] FALLBACK STATUS                                                       :        0
INFO:iMPACT:2219 - Status register values:
INFO:iMPACT - 0011 1100 1110 1100 
INFO:iMPACT:579 - '1': Completed downloading bit file to device.
INFO:iMPACT:188 - '1': Programming completed successfully.
 LCK_cycle = NoWait.
LCK cycle: NoWait
INFO:iMPACT - '1': Checking done pin....done.
'1': Programmed successfully.
PROGRESS_END - End Operation.
Elapsed time =     11 sec.
INFO:iMPACT - Current time: 10/10/2017 2:45:23 PM
Updating config fileC:/Users/Stache/Documents/Xilinx_Projects/spartan_mini/blink_led/blink.bit...
INFO:iMPACT:2257 - Startup Clock has been changed to 'JtagClk' in the bitstream   stored in memory,
   but the original bitstream file remains unchanged.
// *** BATCH CMD : Program -p 1 
PROGRESS_START - Starting Operation.
Maximum TCK operating frequency for this device chain: 0.
Validating chain...
Boundary-scan chain validated successfully.
'1': Programming device...
 LCK_cycle = NoWait.
LCK cycle: NoWait
done.
'1': Reading status register contents...
[0] CRC ERROR                                                              :        0
[1] IDCODE ERROR                                                           :        0
[2] DCM LOCK STATUS                                                        :        1
[3] GTS_CFG_B STATUS                                                       :        1
[4] GWE STATUS                                                             :        1
[5] GHIGH STATUS                                                           :        1
[6] DECRYPTION ERROR                                                       :        0
[7] DECRYPTOR ENABLE                                                       :        0
[8] HSWAPEN PIN                                                            :        1
[9] MODE PIN M[0]                                                          :        1
[10] MODE PIN M[1]                                                         :        1
[11] RESERVED                                                              :        0
[12] INIT_B PIN                                                            :        1
[13] DONE PIN                                                              :        1
[14] SUSPEND STATUS                                                        :        0
[15] FALLBACK STATUS                                                       :        0
INFO:iMPACT:2219 - Status register values:
INFO:iMPACT - 0011 1100 1110 1100 
INFO:iMPACT:579 - '1': Completed downloading bit file to device.
INFO:iMPACT:188 - '1': Programming completed successfully.
 LCK_cycle = NoWait.
LCK cycle: NoWait
INFO:iMPACT - '1': Checking done pin....done.
'1': Programmed successfully.
PROGRESS_END - End Operation.
Elapsed time =     11 sec.
INFO:iMPACT - Current time: 10/10/2017 2:49:35 PM
// *** BATCH CMD : Program -p 1 
PROGRESS_START - Starting Operation.
Maximum TCK operating frequency for this device chain: 0.
Validating chain...
Boundary-scan chain validated successfully.
'1': Programming device...
 LCK_cycle = NoWait.
LCK cycle: NoWait
done.
'1': Reading status register contents...
[0] CRC ERROR                                                              :        0
[1] IDCODE ERROR                                                           :        0
[2] DCM LOCK STATUS                                                        :        1
[3] GTS_CFG_B STATUS                                                       :        1
[4] GWE STATUS                                                             :        1
[5] GHIGH STATUS                                                           :        1
[6] DECRYPTION ERROR                                                       :        0
[7] DECRYPTOR ENABLE                                                       :        0
[8] HSWAPEN PIN                                                            :        1
[9] MODE PIN M[0]                                                          :        1
[10] MODE PIN M[1]                                                         :        1
[11] RESERVED                                                              :        0
[12] INIT_B PIN                                                            :        1
[13] DONE PIN                                                              :        1
[14] SUSPEND STATUS                                                        :        0
[15] FALLBACK STATUS                                                       :        0
INFO:iMPACT:2219 - Status register values:
INFO:iMPACT - 0011 1100 1110 1100 
INFO:iMPACT:579 - '1': Completed downloading bit file to device.
INFO:iMPACT:188 - '1': Programming completed successfully.
 LCK_cycle = NoWait.
LCK cycle: NoWait
INFO:iMPACT - '1': Checking done pin....done.
'1': Programmed successfully.
PROGRESS_END - End Operation.
Elapsed time =     11 sec.
