Release 14.7 Map P.20131013 (nt64)
Xilinx Mapping Report File for Design 'NES_Nexys4'

Design Information
------------------
Command Line   : map -intstyle ise -p xc6slx9-tqg144-3 -w -logic_opt off -ol
high -t 1 -xt 0 -register_duplication off -r 4 -global_opt off -mt 2 -ir off -pr
off -lc off -power off -o NES_Nexys4_map.ncd NES_Nexys4.ngd NES_Nexys4.pcf 
Target Device  : xc6slx9
Target Package : tqg144
Target Speed   : -3
Mapper Version : spartan6 -- $Revision: 1.55 $
Mapped Date    : Sat Oct 21 20:37:14 2017

Design Summary
--------------
Number of errors:      0
Number of warnings:    5
Slice Logic Utilization:
  Number of Slice Registers:                 2,542 out of  11,440   22%
    Number used as Flip Flops:               2,502
    Number used as Latches:                     25
    Number used as Latch-thrus:                  0
    Number used as AND/OR logics:               15
  Number of Slice LUTs:                      4,812 out of   5,720   84%
    Number used as logic:                    4,757 out of   5,720   83%
      Number using O6 output only:           3,798
      Number using O5 output only:             143
      Number using O5 and O6:                  816
      Number used as ROM:                        0
    Number used as Memory:                      47 out of   1,440    3%
      Number used as Dual Port RAM:              0
      Number used as Single Port RAM:           39
        Number using O6 output only:            32
        Number using O5 output only:             0
        Number using O5 and O6:                  7
      Number used as Shift Register:             8
        Number using O6 output only:             4
        Number using O5 output only:             0
        Number using O5 and O6:                  4
    Number used exclusively as route-thrus:      8
      Number with same-slice register load:      1
      Number with same-slice carry load:         7
      Number with other load:                    0

Slice Logic Distribution:
  Number of occupied Slices:                 1,427 out of   1,430   99%
  Number of MUXCYs used:                       900 out of   2,860   31%
  Number of LUT Flip Flop pairs used:        5,005
    Number with an unused Flip Flop:         2,576 out of   5,005   51%
    Number with an unused LUT:                 193 out of   5,005    3%
    Number of fully used LUT-FF pairs:       2,236 out of   5,005   44%
    Number of unique control sets:             229
    Number of slice register sites lost
      to control set restrictions:             567 out of  11,440    4%

  A LUT Flip Flop pair for this architecture represents one LUT paired with
  one Flip Flop within a slice.  A control set is a unique combination of
  clock, reset, set, and enable signals for a registered element.
  The Slice Logic Distribution report is not meaningful if the design is
  over-mapped for a non-slice resource or if Placement fails.

IO Utilization:
  Number of bonded IOBs:                        88 out of     102   86%
    Number of LOCed IOBs:                       88 out of      88  100%

Specific Feature Utilization:
  Number of RAMB16BWERs:                         6 out of      32   18%
  Number of RAMB8BWERs:                          4 out of      64    6%
  Number of BUFIO2/BUFIO2_2CLKs:                 1 out of      32    3%
    Number used as BUFIO2s:                      1
    Number used as BUFIO2_2CLKs:                 0
  Number of BUFIO2FB/BUFIO2FB_2CLKs:             1 out of      32    3%
    Number used as BUFIO2FBs:                    1
    Number used as BUFIO2FB_2CLKs:               0
  Number of BUFG/BUFGMUXs:                       3 out of      16   18%
    Number used as BUFGs:                        3
    Number used as BUFGMUX:                      0
  Number of DCM/DCM_CLKGENs:                     0 out of       4    0%
  Number of ILOGIC2/ISERDES2s:                   0 out of     200    0%
  Number of IODELAY2/IODRP2/IODRP2_MCBs:         0 out of     200    0%
  Number of OLOGIC2/OSERDES2s:                   0 out of     200    0%
  Number of BSCANs:                              0 out of       4    0%
  Number of BUFHs:                               0 out of     128    0%
  Number of BUFPLLs:                             0 out of       8    0%
  Number of BUFPLL_MCBs:                         0 out of       4    0%
  Number of DSP48A1s:                            1 out of      16    6%
  Number of ICAPs:                               0 out of       1    0%
  Number of MCBs:                                0 out of       2    0%
  Number of PCILOGICSEs:                         0 out of       2    0%
  Number of PLL_ADVs:                            1 out of       2   50%
  Number of PMVs:                                0 out of       1    0%
  Number of STARTUPs:                            0 out of       1    0%
  Number of SUSPEND_SYNCs:                       0 out of       1    0%

Average Fanout of Non-Clock Nets:                4.52

Peak Memory Usage:  479 MB
Total REAL time to MAP completion:  2 mins 14 secs 
Total CPU time to MAP completion (all processors):   2 mins 18 secs 

Table of Contents
-----------------
Section 1 - Errors
Section 2 - Warnings
Section 3 - Informational
Section 4 - Removed Logic Summary
Section 5 - Removed Logic
Section 6 - IOB Properties
Section 7 - RPMs
Section 8 - Guide Report
Section 9 - Area Group and Partition Summary
Section 10 - Timing Report
Section 11 - Configuration String Information
Section 12 - Control Set Information
Section 13 - Utilization by Hierarchy

Section 1 - Errors
------------------

Section 2 - Warnings
--------------------
WARNING:PhysDesignRules:372 - Gated clock. Clock net uart_write is sourced by a
   combinatorial pin. This is not good design practice. Use the CE pin to
   control the loading of data into the flip-flop.
WARNING:PhysDesignRules:372 - Gated clock. Clock net joypad_tick is sourced by a
   combinatorial pin. This is not good design practice. Use the CE pin to
   control the loading of data into the flip-flop.
WARNING:PhysDesignRules:372 - Gated clock. Clock net
   uart_demux/packet_demux/state_reg[3]_GND_20_o_Mux_60_o is sourced by a
   combinatorial pin. This is not good design practice. Use the CE pin to
   control the loading of data into the flip-flop.
WARNING:PhysDesignRules:372 - Gated clock. Clock net
   display/text_gen_unit/show_cursor_G is sourced by a combinatorial pin. This
   is not good design practice. Use the CE pin to control the loading of data
   into the flip-flop.
WARNING:PhysDesignRules:2410 - This design is using one or more 9K Block RAMs
   (RAMB8BWER).  9K Block RAM initialization data, both user defined and
   default, may be incorrect and should not be used.  For more information,
   please reference Xilinx Answer Record 39999.

Section 3 - Informational
-------------------------
INFO:Map:284 - Map is running with the multi-threading option on. Map currently
   supports the use of up to 2 processors. Based on the the user options and
   machine load, Map will use 2 processors during this run.
INFO:LIT:243 - Logical network tft_r<3> has no load.
INFO:LIT:395 - The above info message is repeated 24 more times for the
   following (max. 5 shown):
   tft_r<2>,
   tft_r<1>,
   tft_r<0>,
   tft_g<3>,
   tft_g<2>
   To see the details of these info messages, please use the -detail switch.
INFO:MapLib:562 - No environment variables are currently set.
INFO:LIT:244 - All of the single ended outputs in this design are using slew
   rate limited output drivers. The delay on speed critical single ended outputs
   can be dramatically reduced by designating them as fast outputs.
INFO:Pack:1716 - Initializing temperature to 85.000 Celsius. (default - Range:
   0.000 to 85.000 Celsius)
INFO:Pack:1720 - Initializing voltage to 1.140 Volts. (default - Range: 1.140 to
   1.260 Volts)
INFO:Map:215 - The Interim Design Summary has been generated in the MAP Report
   (.mrp).
INFO:Pack:1650 - Map created a placed design.

Section 4 - Removed Logic Summary
---------------------------------
   2 block(s) removed
   4 block(s) optimized away
   1 signal(s) removed

Section 5 - Removed Logic
-------------------------

The trimmed logic report below shows the logic removed from your design due to
sourceless or loadless signals, and VCC or ground connections.  If the removal
of a signal or symbol results in the subsequent removal of an additional signal
or symbol, the message explaining that second removal will be indented.  This
indentation will be repeated as a chain of related logic is removed.

To quickly locate the original cause for the removal of a chain of logic, look
above the place where that logic is listed in the trimming report, then locate
the lines that are least indented (begin at the leftmost edge).

Loadless block "nes/apu/Madd_GND_53_o_GND_53_o_add_54_OUT7" (ROM) removed.
Loadless block "sys_clocks/clkout1_buf" (CKBUF) removed.
 The signal "sys_clocks/clkout0" is loadless and has been removed.

Optimized Block(s):
TYPE 		BLOCK
GND 		XST_GND
VCC 		XST_VCC
LUT3 		nes/apu/Madd_GND_53_o_GND_53_o_add_54_OUT6
   optimized to 0
LUT4 		nes/apu/Madd_GND_53_o_GND_53_o_add_54_OUT_lut<0>7
   optimized to 0

To enable printing of redundant blocks removed and signals merged, set the
detailed map report option and rerun map.

Section 6 - IOB Properties
--------------------------

+---------------------------------------------------------------------------------------------------------------------------------------------------------+
| IOB Name                           | Type             | Direction | IO Standard          | Diff  | Drive    | Slew | Reg (s)      | Resistor | IOB      |
|                                    |                  |           |                      | Term  | Strength | Rate |              |          | Delay    |
+---------------------------------------------------------------------------------------------------------------------------------------------------------+
| AUDIO_L                            | IOB              | OUTPUT    | LVCMOS33             |       | 12       | SLOW |              |          |          |
| AUDIO_R                            | IOB              | OUTPUT    | LVCMOS33             |       | 12       | SLOW |              |          |          |
| CLK100MHZ                          | IOB              | INPUT     | LVCMOS33             |       |          |      |              |          |          |
| CPU_RESET                          | IOB              | INPUT     | LVCMOS25             |       |          |      |              |          |          |
| LED<0>                             | IOB              | OUTPUT    | LVCMOS33             |       | 12       | SLOW |              |          |          |
| LED<1>                             | IOB              | OUTPUT    | LVCMOS33             |       | 12       | SLOW |              |          |          |
| LED<2>                             | IOB              | OUTPUT    | LVCMOS33             |       | 12       | SLOW |              |          |          |
| LED<3>                             | IOB              | OUTPUT    | LVCMOS33             |       | 12       | SLOW |              |          |          |
| LED<4>                             | IOB              | OUTPUT    | LVCMOS33             |       | 12       | SLOW |              |          |          |
| LED<5>                             | IOB              | OUTPUT    | LVCMOS33             |       | 12       | SLOW |              |          |          |
| LED<6>                             | IOB              | OUTPUT    | LVCMOS33             |       | 12       | SLOW |              |          |          |
| LED<7>                             | IOB              | OUTPUT    | LVCMOS33             |       | 12       | SLOW |              |          |          |
| MemAdr<0>                          | IOB              | OUTPUT    | LVCMOS33             |       | 12       | SLOW |              |          |          |
| MemAdr<1>                          | IOB              | OUTPUT    | LVCMOS33             |       | 12       | SLOW |              |          |          |
| MemAdr<2>                          | IOB              | OUTPUT    | LVCMOS33             |       | 12       | SLOW |              |          |          |
| MemAdr<3>                          | IOB              | OUTPUT    | LVCMOS33             |       | 12       | SLOW |              |          |          |
| MemAdr<4>                          | IOB              | OUTPUT    | LVCMOS33             |       | 12       | SLOW |              |          |          |
| MemAdr<5>                          | IOB              | OUTPUT    | LVCMOS33             |       | 12       | SLOW |              |          |          |
| MemAdr<6>                          | IOB              | OUTPUT    | LVCMOS33             |       | 12       | SLOW |              |          |          |
| MemAdr<7>                          | IOB              | OUTPUT    | LVCMOS33             |       | 12       | SLOW |              |          |          |
| MemAdr<8>                          | IOB              | OUTPUT    | LVCMOS33             |       | 12       | SLOW |              |          |          |
| MemAdr<9>                          | IOB              | OUTPUT    | LVCMOS33             |       | 12       | SLOW |              |          |          |
| MemAdr<10>                         | IOB              | OUTPUT    | LVCMOS33             |       | 12       | SLOW |              |          |          |
| MemAdr<11>                         | IOB              | OUTPUT    | LVCMOS33             |       | 12       | SLOW |              |          |          |
| MemAdr<12>                         | IOB              | OUTPUT    | LVCMOS33             |       | 12       | SLOW |              |          |          |
| MemAdr<13>                         | IOB              | OUTPUT    | LVCMOS33             |       | 12       | SLOW |              |          |          |
| MemAdr<14>                         | IOB              | OUTPUT    | LVCMOS33             |       | 12       | SLOW |              |          |          |
| MemAdr<15>                         | IOB              | OUTPUT    | LVCMOS33             |       | 12       | SLOW |              |          |          |
| MemAdr<16>                         | IOB              | OUTPUT    | LVCMOS33             |       | 12       | SLOW |              |          |          |
| MemAdr<17>                         | IOB              | OUTPUT    | LVCMOS33             |       | 12       | SLOW |              |          |          |
| MemAdr<18>                         | IOB              | OUTPUT    | LVCMOS33             |       | 12       | SLOW |              |          |          |
| MemAdv                             | IOB              | OUTPUT    | LVCMOS33             |       | 12       | SLOW |              |          |          |
| MemClk                             | IOB              | OUTPUT    | LVCMOS33             |       | 12       | SLOW |              |          |          |
| MemDB<0>                           | IOB              | BIDIR     | LVCMOS33             |       | 12       | SLOW |              |          |          |
| MemDB<1>                           | IOB              | BIDIR     | LVCMOS33             |       | 12       | SLOW |              |          |          |
| MemDB<2>                           | IOB              | BIDIR     | LVCMOS33             |       | 12       | SLOW |              |          |          |
| MemDB<3>                           | IOB              | BIDIR     | LVCMOS33             |       | 12       | SLOW |              |          |          |
| MemDB<4>                           | IOB              | BIDIR     | LVCMOS33             |       | 12       | SLOW |              |          |          |
| MemDB<5>                           | IOB              | BIDIR     | LVCMOS33             |       | 12       | SLOW |              |          |          |
| MemDB<6>                           | IOB              | BIDIR     | LVCMOS33             |       | 12       | SLOW |              |          |          |
| MemDB<7>                           | IOB              | BIDIR     | LVCMOS33             |       | 12       | SLOW |              |          |          |
| MemDB<8>                           | IOB              | BIDIR     | LVCMOS33             |       | 12       | SLOW |              |          |          |
| MemDB<9>                           | IOB              | BIDIR     | LVCMOS33             |       | 12       | SLOW |              |          |          |
| MemDB<10>                          | IOB              | BIDIR     | LVCMOS33             |       | 12       | SLOW |              |          |          |
| MemDB<11>                          | IOB              | BIDIR     | LVCMOS33             |       | 12       | SLOW |              |          |          |
| MemDB<12>                          | IOB              | BIDIR     | LVCMOS33             |       | 12       | SLOW |              |          |          |
| MemDB<13>                          | IOB              | BIDIR     | LVCMOS33             |       | 12       | SLOW |              |          |          |
| MemDB<14>                          | IOB              | BIDIR     | LVCMOS33             |       | 12       | SLOW |              |          |          |
| MemDB<15>                          | IOB              | BIDIR     | LVCMOS33             |       | 12       | SLOW |              |          |          |
| MemOE                              | IOB              | OUTPUT    | LVCMOS33             |       | 12       | SLOW |              |          |          |
| MemWR                              | IOB              | OUTPUT    | LVCMOS33             |       | 12       | SLOW |              |          |          |
| MemWait                            | IOB              | INPUT     | LVCMOS33             |       |          |      |              |          |          |
| PROP_File_Rx                       | IOB              | OUTPUT    | LVCMOS33             |       | 12       | SLOW |              |          |          |
| PROP_File_Tx                       | IOB              | INPUT     | LVCMOS33             |       |          |      |              |          |          |
| PROP_Rx                            | IOB              | OUTPUT    | LVCMOS33             |       | 12       | SLOW |              |          |          |
| PROP_Tx                            | IOB              | INPUT     | LVCMOS33             |       |          |      |              |          |          |
| RamCRE                             | IOB              | OUTPUT    | LVCMOS33             |       | 12       | SLOW |              |          |          |
| RamCS                              | IOB              | OUTPUT    | LVCMOS33             |       | 12       | SLOW |              |          |          |
| RamLB                              | IOB              | OUTPUT    | LVCMOS33             |       | 12       | SLOW |              |          |          |
| RamUB                              | IOB              | OUTPUT    | LVCMOS33             |       | 12       | SLOW |              |          |          |
| SW<0>                              | IOB              | INPUT     | LVCMOS33             |       |          |      |              |          |          |
| SW<1>                              | IOB              | INPUT     | LVCMOS33             |       |          |      |              |          |          |
| SW<2>                              | IOB              | INPUT     | LVCMOS33             |       |          |      |              |          |          |
| SW<3>                              | IOB              | INPUT     | LVCMOS33             |       |          |      |              |          |          |
| SW<4>                              | IOB              | INPUT     | LVCMOS33             |       |          |      |              |          |          |
| SW<5>                              | IOB              | INPUT     | LVCMOS33             |       |          |      |              |          |          |
| SW<6>                              | IOB              | INPUT     | LVCMOS33             |       |          |      |              |          |          |
| SW<7>                              | IOB              | INPUT     | LVCMOS33             |       |          |      |              |          |          |
| UART_RXD                           | IOB              | INPUT     | LVCMOS33             |       |          |      |              |          |          |
| UART_TXD                           | IOB              | OUTPUT    | LVCMOS33             |       | 12       | SLOW |              |          |          |
| btn_menu                           | IOB              | INPUT     | LVCMOS33             |       |          |      |              |          |          |
| btnreset_nes                       | IOB              | INPUT     | LVCMOS25             |       |          |      |              |          |          |
| joypad<0>                          | IOB              | INPUT     | LVCMOS33             |       |          |      |              |          |          |
| joypad<1>                          | IOB              | INPUT     | LVCMOS33             |       |          |      |              |          |          |
| joypad<2>                          | IOB              | INPUT     | LVCMOS33             |       |          |      |              |          |          |
| joypad<3>                          | IOB              | INPUT     | LVCMOS33             |       |          |      |              |          |          |
| joypad<4>                          | IOB              | INPUT     | LVCMOS33             |       |          |      |              |          |          |
| joypad<5>                          | IOB              | INPUT     | LVCMOS33             |       |          |      |              |          |          |
| joypad<6>                          | IOB              | INPUT     | LVCMOS33             |       |          |      |              |          |          |
| joypad<7>                          | IOB              | INPUT     | LVCMOS33             |       |          |      |              |          |          |
| vga_b<0>                           | IOB              | OUTPUT    | LVCMOS33             |       | 12       | SLOW |              |          |          |
| vga_b<1>                           | IOB              | OUTPUT    | LVCMOS33             |       | 12       | SLOW |              |          |          |
| vga_g<0>                           | IOB              | OUTPUT    | LVCMOS33             |       | 12       | SLOW |              |          |          |
| vga_g<1>                           | IOB              | OUTPUT    | LVCMOS33             |       | 12       | SLOW |              |          |          |
| vga_h                              | IOB              | OUTPUT    | LVCMOS33             |       | 12       | SLOW |              |          |          |
| vga_r<0>                           | IOB              | OUTPUT    | LVCMOS33             |       | 12       | SLOW |              |          |          |
| vga_r<1>                           | IOB              | OUTPUT    | LVCMOS33             |       | 12       | SLOW |              |          |          |
| vga_v                              | IOB              | OUTPUT    | LVCMOS33             |       | 12       | SLOW |              |          |          |
+---------------------------------------------------------------------------------------------------------------------------------------------------------+

Section 7 - RPMs
----------------

Section 8 - Guide Report
------------------------
Guide not run on this design.

Section 9 - Area Group and Partition Summary
--------------------------------------------

Partition Implementation Status
-------------------------------

  No Partitions were found in this design.

-------------------------------

Area Group Information
----------------------

  No area groups were found in this design.

----------------------

Section 10 - Timing Report
--------------------------
A logic-level (pre-route) timing report can be generated by using Xilinx static
timing analysis tools, Timing Analyzer (GUI) or TRCE (command line), with the
mapped NCD and PCF files. Please note that this timing report will be generated
using estimated delay information. For accurate numbers, please generate a
timing report with the post Place and Route NCD file.

For more information about the Timing Analyzer, consult the Xilinx Timing
Analyzer Reference Manual; for more information about TRCE, consult the Xilinx
Command Line Tools User Guide "TRACE" chapter.

Section 11 - Configuration String Details
-----------------------------------------
Use the "-detail" map option to print out Configuration Strings

Section 12 - Control Set Information
------------------------------------
Use the "-detail" map option to print out Control Set Information.

Section 13 - Utilization by Hierarchy
-------------------------------------
Use the "-detail" map option to print out the Utilization by Hierarchy section.
